- PublishError: 110b9fb1-5ba6-413c-b12f-962e93914e3d go :

[message] Command failed: go vet ./
go: finding module for package github.com/aliyun/alibaba-cloud-sdk-go/sdk/auth
go: finding module for package github.com/aliyun/alibaba-cloud-sdk-go/sdk/requests
go: finding module for package github.com/aliyun/alibaba-cloud-sdk-go/sdk/auth/credentials/provider
go: finding module for package github.com/aliyun/alibaba-cloud-sdk-go/sdk
go: finding module for package github.com/aliyun/alibaba-cloud-sdk-go/sdk/responses
go: downloading github.com/aliyun/alibaba-cloud-sdk-go v1.61.1757
go: found github.com/aliyun/alibaba-cloud-sdk-go/sdk in github.com/aliyun/alibaba-cloud-sdk-go v1.61.1757
go: found github.com/aliyun/alibaba-cloud-sdk-go/sdk/auth in github.com/aliyun/alibaba-cloud-sdk-go v1.61.1757
go: found github.com/aliyun/alibaba-cloud-sdk-go/sdk/auth/credentials/provider in github.com/aliyun/alibaba-cloud-sdk-go v1.61.1757
go: found github.com/aliyun/alibaba-cloud-sdk-go/sdk/requests in github.com/aliyun/alibaba-cloud-sdk-go v1.61.1757
go: found github.com/aliyun/alibaba-cloud-sdk-go/sdk/responses in github.com/aliyun/alibaba-cloud-sdk-go v1.61.1757
# client/services/sas
vet: ./struct_create_similar_security_events_query_task_response.go:19:6: CreateSimilarSecurityEventsQueryTaskResponse redeclared in this block


[stdout] 

[stderr] go: finding module for package github.com/aliyun/alibaba-cloud-sdk-go/sdk/auth
go: finding module for package github.com/aliyun/alibaba-cloud-sdk-go/sdk/requests
go: finding module for package github.com/aliyun/alibaba-cloud-sdk-go/sdk/auth/credentials/provider
go: finding module for package github.com/aliyun/alibaba-cloud-sdk-go/sdk
go: finding module for package github.com/aliyun/alibaba-cloud-sdk-go/sdk/responses
go: downloading github.com/aliyun/alibaba-cloud-sdk-go v1.61.1757
go: found github.com/aliyun/alibaba-cloud-sdk-go/sdk in github.com/aliyun/alibaba-cloud-sdk-go v1.61.1757
go: found github.com/aliyun/alibaba-cloud-sdk-go/sdk/auth in github.com/aliyun/alibaba-cloud-sdk-go v1.61.1757
go: found github.com/aliyun/alibaba-cloud-sdk-go/sdk/auth/credentials/provider in github.com/aliyun/alibaba-cloud-sdk-go v1.61.1757
go: found github.com/aliyun/alibaba-cloud-sdk-go/sdk/requests in github.com/aliyun/alibaba-cloud-sdk-go v1.61.1757
go: found github.com/aliyun/alibaba-cloud-sdk-go/sdk/responses in github.com/aliyun/alibaba-cloud-sdk-go v1.61.1757
# client/services/sas
vet: ./struct_create_similar_security_events_query_task_response.go:19:6: CreateSimilarSecurityEventsQueryTaskResponse redeclared in this block


-----------------

